2025-02-25 19:51:00 | DEBUG | repo=pv243-a4m36jee-2016-security-seminar | action=commit
2025-04-20 11:04:00 | INFO | repo=pv243-a4m36jee-2016-security-seminar | action=edit | files=5
2025-03-10 16:36:00 | INFO | repo=pv243-a4m36jee-2016-security-seminar | action=commit
2025-04-25 15:10:00 | WARN | repo=pv243-a4m36jee-2016-security-seminar | action=commit
2025-01-23 21:48:00 | DEBUG | repo=pv243-a4m36jee-2016-security-seminar | action=commit
2025-09-11 07:41:00 | INFO | repo=pv243-a4m36jee-2016-security-seminar | action=commit
2025-06-08 07:25:00 | WARN | repo=pv243-a4m36jee-2016-security-seminar | action=commit
2025-07-12 12:55:00 | DEBUG | repo=pv243-a4m36jee-2016-security-seminar | action=commit
2025-01-13 08:06:00 | DEBUG | repo=pv243-a4m36jee-2016-security-seminar | action=commit
2025-01-11 10:40:00 | DEBUG | repo=pv243-a4m36jee-2016-security-seminar | action=commit
2025-06-07 14:30:00 | INFO | repo=pv243-a4m36jee-2016-security-seminar | action=commit
2025-04-09 18:57:00 | WARN | repo=pv243-a4m36jee-2016-security-seminar | action=commit
2025-04-03 16:10:00 | DEBUG | repo=pv243-a4m36jee-2016-security-seminar | action=edit | files=5
2025-07-18 19:45:00 | DEBUG | repo=pv243-a4m36jee-2016-security-seminar | action=commit
2025-08-26 10:02:00 | DEBUG | repo=pv243-a4m36jee-2016-security-seminar | action=commit
2025-07-11 20:27:00 | WARN | repo=pv243-a4m36jee-2016-security-seminar | action=commit
2025-11-03 16:23:00 | INFO | repo=pv243-a4m36jee-2016-security-seminar | action=commit
2025-07-01 18:00:00 | WARN | repo=pv243-a4m36jee-2016-security-seminar | action=commit
2025-05-20 07:12:00 | DEBUG | repo=pv243-a4m36jee-2016-security-seminar | action=commit
2025-04-03 20:31:00 | WARN | repo=pv243-a4m36jee-2016-security-seminar | action=commit
2025-09-23 21:00:00 | DEBUG | repo=pv243-a4m36jee-2016-security-seminar | action=commit
2025-01-25 10:19:00 | INFO | repo=pv243-a4m36jee-2016-security-seminar | action=commit
